\BOOKMARK [1][-]{section.1}{Info}{}% 1
\BOOKMARK [1][-]{section.2}{Technical Skills}{}% 2
\BOOKMARK [1][-]{section.3}{Working Experience}{}% 3
\BOOKMARK [2][-]{subsection.3.1}{breos GmbH, Stuttgart, Germany \(November 2018 - present\)}{section.3}% 4
\BOOKMARK [3][-]{subsubsection.3.1.1}{Company description}{subsection.3.1}% 5
\BOOKMARK [3][-]{subsubsection.3.1.2}{Role}{subsection.3.1}% 6
\BOOKMARK [3][-]{subsubsection.3.1.3}{Tasks}{subsection.3.1}% 7
\BOOKMARK [2][-]{subsection.3.2}{STOXX Ltd., Frankfurt, Germany \(Apr. 2017 \205 Jun. 2017\)}{section.3}% 8
\BOOKMARK [3][-]{subsubsection.3.2.1}{Company description}{subsection.3.2}% 9
\BOOKMARK [3][-]{subsubsection.3.2.2}{Role}{subsection.3.2}% 10
\BOOKMARK [3][-]{subsubsection.3.2.3}{Tasks}{subsection.3.2}% 11
\BOOKMARK [2][-]{subsection.3.3}{Ernst \046 Young, Berlin, Germany \(Sep. 2015 - Jan. 2016\)}{section.3}% 12
\BOOKMARK [3][-]{subsubsection.3.3.1}{Company description}{subsection.3.3}% 13
\BOOKMARK [3][-]{subsubsection.3.3.2}{Role}{subsection.3.3}% 14
\BOOKMARK [3][-]{subsubsection.3.3.3}{Tasks}{subsection.3.3}% 15
\BOOKMARK [2][-]{subsection.3.4}{Other working experience}{section.3}% 16
\BOOKMARK [1][-]{section.4}{Education}{}% 17
\BOOKMARK [2][-]{subsection.4.1}{MScMaster of Science in International \046 Financial Economics \(Sep. 2017 - Sep. 2018\)}{section.4}% 18
\BOOKMARK [3][-]{subsubsection.4.1.1}{Where}{subsection.4.1}% 19
\BOOKMARK [3][-]{subsubsection.4.1.2}{Subjects}{subsection.4.1}% 20
\BOOKMARK [3][-]{subsubsection.4.1.3}{Grades}{subsection.4.1}% 21
\BOOKMARK [3][-]{subsubsection.4.1.4}{Dissertation}{subsection.4.1}% 22
\BOOKMARK [2][-]{subsection.4.2}{Extra minor in International \046 Monetary Economics \(Sep. 2016 - Feb. 2017\)}{section.4}% 23
\BOOKMARK [3][-]{subsubsection.4.2.1}{Where}{subsection.4.2}% 24
\BOOKMARK [3][-]{subsubsection.4.2.2}{Subjects}{subsection.4.2}% 25
\BOOKMARK [3][-]{subsubsection.4.2.3}{Grades}{subsection.4.2}% 26
\BOOKMARK [2][-]{subsection.4.3}{BBABachelor of Business Administration in International Business \046 Management \(Sep. 2012 - Dec. 2016\)}{section.4}% 27
\BOOKMARK [3][-]{subsubsection.4.3.1}{Where}{subsection.4.3}% 28
\BOOKMARK [3][-]{subsubsection.4.3.2}{Grades}{subsection.4.3}% 29
\BOOKMARK [3][-]{subsubsection.4.3.3}{Standard period of study}{subsection.4.3}% 30
\BOOKMARK [3][-]{subsubsection.4.3.4}{Exchange semester}{subsection.4.3}% 31
\BOOKMARK [3][-]{subsubsection.4.3.5}{Dissertation}{subsection.4.3}% 32
\BOOKMARK [1][-]{section.5}{Other}{}% 33
\BOOKMARK [2][-]{subsubsection.5.0.1}{Entrepreneur}{section.5}% 34
\BOOKMARK [3][-]{subsubsection.5.0.2}{English language test certificates}{subsubsection.5.0.1}% 35
\BOOKMARK [3][-]{subsubsection.5.0.3}{Languages}{subsubsection.5.0.1}% 36
\BOOKMARK [3][-]{subsubsection.5.0.4}{Characteristics}{subsubsection.5.0.1}% 37
\BOOKMARK [3][-]{subsubsection.5.0.5}{Sporting Achievements}{subsubsection.5.0.1}% 38
\BOOKMARK [3][-]{subsubsection.5.0.6}{Interests}{subsubsection.5.0.1}% 39
